<?xml version="1.0" encoding="UTF-8"?>
<!-- Generated by org.testng.reporters.JUnitReportReporter -->
<testsuite hostname="DESKTOP-N1V6J9J" name="testcases.TC01_CreateLeadSuccess" tests="1" failures="0" timestamp="29 Feb 2016 16:24:41 GMT" time="54.036" errors="0">
  <testcase name="createLeadSuccess" time="54.036" classname="testcases.TC01_CreateLeadSuccess"/>
</testsuite> <!-- testcases.TC01_CreateLeadSuccess -->
