<?xml version="1.0" encoding="UTF-8"?>
<!-- Generated by org.testng.reporters.JUnitReportReporter -->
<testsuite hostname="DESKTOP-N1V6J9J" name="testcases.TC01_CreateLeadFailure" tests="3" failures="0" timestamp="27 Feb 2016 14:28:04 GMT" time="127.459" errors="0">
  <testcase name="createLeadSuccess" time="42.067" classname="testcases.TC01_CreateLeadFailure"/>
  <testcase name="createLeadSuccess" time="45.527" classname="testcases.TC01_CreateLeadFailure"/>
  <testcase name="createLeadSuccess" time="39.865" classname="testcases.TC01_CreateLeadFailure"/>
</testsuite> <!-- testcases.TC01_CreateLeadFailure -->
