<?xml version="1.0" encoding="UTF-8"?>
<!-- Generated by org.testng.reporters.JUnitReportReporter -->
<testsuite hostname="Udhaya" name="testcases.TC_01_VerifyLoginDetails" tests="1" failures="0" timestamp="18 May 2016 18:21:08 GMT" time="36.806" errors="0">
  <testcase name="loginForSuccess" time="36.806" classname="testcases.TC_01_VerifyLoginDetails"/>
</testsuite> <!-- testcases.TC_01_VerifyLoginDetails -->
