<?xml version="1.0" encoding="UTF-8"?>
<!-- Generated by org.testng.reporters.JUnitReportReporter -->
<testsuite hostname="DESKTOP-N1V6J9J" name="testcases.TC04_DeleteLeadSuccess" tests="1" failures="0" timestamp="1 Mar 2016 17:27:22 GMT" time="104.005" errors="0">
  <testcase name="DeleteLeadSuccess" time="104.005" classname="testcases.TC04_DeleteLeadSuccess"/>
</testsuite> <!-- testcases.TC04_DeleteLeadSuccess -->
