<?xml version="1.0" encoding="UTF-8"?>
<!-- Generated by org.testng.reporters.JUnitReportReporter -->
<testsuite hostname="DESKTOP-N1V6J9J" name="testcases.TC02_SearchLeadSuccess" tests="1" failures="0" timestamp="29 Feb 2016 08:23:01 GMT" time="73.759" errors="0">
  <testcase name="searchLeadSuccess" time="73.759" classname="testcases.TC02_SearchLeadSuccess"/>
</testsuite> <!-- testcases.TC02_SearchLeadSuccess -->
