<?xml version="1.0" encoding="UTF-8"?>
<!-- Generated by org.testng.reporters.JUnitReportReporter -->
<testsuite hostname="Udhaya" name="testcases.TC00_LeadAllActions$TC01_CreateLeadSuccess" tests="1" failures="0" timestamp="2 Mar 2016 18:36:43 GMT" time="110.627" errors="0">
  <testcase name="createLeadSuccess" time="110.627" classname="testcases.TC00_LeadAllActions$TC01_CreateLeadSuccess"/>
</testsuite> <!-- testcases.TC00_LeadAllActions$TC01_CreateLeadSuccess -->
