<?xml version="1.0" encoding="UTF-8"?>
<!-- Generated by org.testng.reporters.JUnitReportReporter -->
<testsuite hostname="DESKTOP-N1V6J9J" name="testcases.TC03_CreateContact" tests="1" failures="0" timestamp="27 Feb 2016 22:35:35 GMT" time="88.182" errors="0">
  <testcase name="createContactSuccess" time="88.182" classname="testcases.TC03_CreateContact"/>
</testsuite> <!-- testcases.TC03_CreateContact -->
