<?xml version="1.0" encoding="UTF-8"?>
<!-- Generated by org.testng.reporters.JUnitReportReporter -->
<testsuite hostname="DESKTOP-N1V6J9J" name="testcases.TC01_CreateContactsSuccess" tests="1" failures="0" timestamp="1 Mar 2016 17:44:28 GMT" time="66.022" errors="0">
  <testcase name="createContactSuccess" time="66.022" classname="testcases.TC01_CreateContactsSuccess"/>
</testsuite> <!-- testcases.TC01_CreateContactsSuccess -->
