<?xml version="1.0" encoding="UTF-8"?>
<!-- Generated by org.testng.reporters.JUnitReportReporter -->
<testsuite hostname="Udhaya" name="testcases.TC02_SearchLeadFailure" tests="1" failures="0" timestamp="2 Mar 2016 19:20:07 GMT" time="40.413" errors="0">
  <testcase name="searchLeadSuccess" time="40.413" classname="testcases.TC02_SearchLeadFailure"/>
</testsuite> <!-- testcases.TC02_SearchLeadFailure -->
