<?xml version="1.0" encoding="UTF-8"?>
<!-- Generated by org.testng.reporters.JUnitReportReporter -->
<testsuite hostname="DESKTOP-N1V6J9J" name="testcases.TC02_SearchContactsSuccess" tests="1" failures="0" timestamp="1 Mar 2016 19:26:23 GMT" time="71.996" errors="0">
  <testcase name="SearchContactSuccess" time="71.996" classname="testcases.TC02_SearchContactsSuccess"/>
</testsuite> <!-- testcases.TC02_SearchContactsSuccess -->
