<?xml version="1.0" encoding="UTF-8"?>
<!-- Generated by org.testng.reporters.JUnitReportReporter -->
<testsuite hostname="DESKTOP-N1V6J9J" name="testcases.TC01_LoginSuccess" tests="2" failures="0" timestamp="27 Feb 2016 10:51:20 GMT" time="83.737" errors="0">
  <testcase name="loginForSuccess" time="45.811" classname="testcases.TC01_LoginSuccess"/>
  <testcase name="loginForSuccess" time="37.926" classname="testcases.TC01_LoginSuccess"/>
</testsuite> <!-- testcases.TC01_LoginSuccess -->
