<?xml version="1.0" encoding="UTF-8"?>
<!-- Generated by org.testng.reporters.JUnitReportReporter -->
<testsuite hostname="Udhaya" name="testcases.TC01_CreateContactsFailure" tests="3" failures="0" timestamp="2 Mar 2016 19:03:15 GMT" time="128.222" errors="0">
  <testcase name="createContactSuccess" time="53.098" classname="testcases.TC01_CreateContactsFailure"/>
  <testcase name="createContactSuccess" time="34.575" classname="testcases.TC01_CreateContactsFailure"/>
  <testcase name="createContactSuccess" time="40.549" classname="testcases.TC01_CreateContactsFailure"/>
</testsuite> <!-- testcases.TC01_CreateContactsFailure -->
